<?xml version="1.0" encoding="UTF-8"?>
<!-- Generated by org.testng.reporters.JUnitReportReporter -->
<testsuite skipped="0" hostname="LAPTOP-0EJGS7M7" name="test.AddCategotyTest" tests="3" failures="0" timestamp="09 Jun 2023 15:30:38 GMT" time="1.395" errors="0">
  <testcase name="userShouldBeAbleToAddNewCatagoryItem" time="0.388" classname="test.AddCategotyTest"/>
  <testcase name="userShouldBeAbleToValidateTheMonths" time="0.385" classname="test.AddCategotyTest"/>
  <testcase name="duplicateCatagoryInsertion" time="0.622" classname="test.AddCategotyTest"/>
</testsuite> <!-- test.AddCategotyTest -->
